2023-05-07T02:42:49.393Z: Registration failed.
2023-05-07T02:42:49.394Z: Mac address for this host: %s
2023-05-07T02:42:49.716Z: Hard disk serial number: 0000_0000_0000_0000_6479_A71C_8257_3733.
2023-05-07T02:45:22.327Z: Mac address for this host: %s
2023-05-07T02:45:22.578Z: Hard disk serial number: 0000_0000_0000_0000_6479_A71C_8257_3733.
2023-05-07T02:46:31.125Z: Registration failed.
2023-05-07T02:46:31.126Z: Mac address for this host: %s
2023-05-07T02:46:31.481Z: Hard disk serial number: 0000_0000_0000_0000_6479_A71C_8257_3733.
2023-05-07T02:46:37.791Z: topmostToggle event received with args: 
2023-05-07T02:46:37.792Z: win.alwaysOnTop set to 
2023-05-07T02:47:02.552Z: topmostToggle event received with args: 
2023-05-07T02:47:02.553Z: win.alwaysOnTop set to 
2023-05-07T02:47:12.832Z: topmostToggle event received with args: 
2023-05-07T02:47:12.834Z: win.alwaysOnTop set to 
2023-05-07T02:47:32.765Z: topmostToggle event received with args: 
2023-05-07T02:47:32.766Z: win.alwaysOnTop set to 
2023-05-07T02:52:31.217Z: Mac address for this host: %s
2023-05-07T02:52:31.546Z: Hard disk serial number: 0000_0000_0000_0000_6479_A71C_8257_3733.
2023-05-07T02:54:25.476Z: Mac address for this host: %s
2023-05-07T02:54:25.835Z: Hard disk serial number: 0000_0000_0000_0000_6479_A71C_8257_3733.
2023-05-07T02:55:25.728Z: Registration failed.
2023-05-07T02:55:25.729Z: Mac address for this host: %s
2023-05-07T02:55:26.056Z: Hard disk serial number: 0000_0000_0000_0000_6479_A71C_8257_3733.
2023-05-07T02:55:41.317Z: Selected file: H:\Electron\oneclickaccess\tree-data.json
2023-05-07T02:59:21.159Z: Mac address for this host: %s
2023-05-07T02:59:21.509Z: Hard disk serial number: 0000_0000_0000_0000_6479_A71C_8257_3733.
2023-05-07T03:01:02.328Z: Mac address for this host: %s
2023-05-07T03:01:02.656Z: Hard disk serial number: 0000_0000_0000_0000_6479_A71C_8257_3733.
2023-05-07T03:02:45.099Z: Registration failed.
2023-05-07T03:02:45.100Z: Mac address for this host: %s
2023-05-07T03:02:45.375Z: Hard disk serial number: 0000_0000_0000_0000_6479_A71C_8257_3733.
2023-05-07T03:04:44.123Z: Mac address for this host: %s
2023-05-07T03:04:44.399Z: Hard disk serial number: 0000_0000_0000_0000_6479_A71C_8257_3733.
2023-05-07T03:06:37.452Z: Mac address for this host: %s
2023-05-07T03:06:37.666Z: Hard disk serial number: 0000_0000_0000_0000_6479_A71C_8257_3733.
2023-05-07T03:08:24.906Z: Registration failed.
2023-05-07T03:08:24.907Z: Mac address for this host: %s
2023-05-07T03:08:25.278Z: Hard disk serial number: 0000_0000_0000_0000_6479_A71C_8257_3733.
2023-05-07T03:09:34.756Z: Mac address for this host: %s
2023-05-07T03:09:35.013Z: Hard disk serial number: 0000_0000_0000_0000_6479_A71C_8257_3733.
2023-05-07T03:11:19.848Z: Registration failed.
2023-05-07T03:11:19.849Z: Mac address for this host: %s
2023-05-07T03:11:20.142Z: Hard disk serial number: 0000_0000_0000_0000_6479_A71C_8257_3733.
2023-05-07T03:12:17.938Z: topmostToggle event received with args: 
2023-05-07T03:12:17.939Z: win.alwaysOnTop set to 
2023-05-07T03:12:28.829Z: topmostToggle event received with args: 
2023-05-07T03:12:28.830Z: win.alwaysOnTop set to 
2023-05-07T03:15:03.361Z: Mac address for this host: %s
2023-05-07T03:15:03.608Z: Hard disk serial number: 0000_0000_0000_0000_6479_A71C_8257_3733.
2023-05-07T03:15:53.273Z: H:\Electron\oneclickaccess\tree-data.json exists, writing data...
2023-05-07T03:15:53.274Z: H:\Electron\oneclickaccess\tree-data.json updated with new data!
2023-05-07T03:25:20.750Z: Mac address for this host: %s
2023-05-07T03:25:21.035Z: Hard disk serial number: 0000_0000_0000_0000_6479_A71C_8257_3733.
2023-05-07T03:25:35.623Z: H:\Electron\oneclickaccess\tree-data.json exists, writing data...
2023-05-07T03:25:35.624Z: H:\Electron\oneclickaccess\tree-data.json updated with new data!
2023-05-07T03:25:44.743Z: Registration failed.
2023-05-07T03:25:44.744Z: Mac address for this host: %s
2023-05-07T03:25:45.103Z: Hard disk serial number: 0000_0000_0000_0000_6479_A71C_8257_3733.
2023-05-07T03:26:47.200Z: Selected file: H:\Electron\oneclickaccess\file.png
2023-05-07T03:26:55.465Z: Selected file: H:\Electron\oneclickaccess\build
2023-05-07T03:27:24.336Z: Selected file: C:\Users\shabe\Downloads\Contacts 2.xlsx
2023-05-07T03:27:40.228Z: Selected file: C:\Users\shabe\Downloads\credential.xlsx
2023-05-07T03:28:05.496Z: Selected file: C:\Users\shabe\Downloads\Helpful plan.xlsx
2023-05-07T03:28:22.886Z: H:\Electron\oneclickaccess\tree-data.json exists, writing data...
2023-05-07T03:28:22.888Z: H:\Electron\oneclickaccess\tree-data.json updated with new data!
2023-05-07T03:28:48.340Z: Mac address for this host: %s
2023-05-07T03:28:48.690Z: Hard disk serial number: 0000_0000_0000_0000_6479_A71C_8257_3733.
2023-05-07T03:32:29.695Z: Registration failed.
2023-05-07T03:32:29.695Z: Mac address for this host: %s
2023-05-07T03:32:30.059Z: Hard disk serial number: 0000_0000_0000_0000_6479_A71C_8257_3733.
2023-05-07T03:35:49.781Z: Mac address for this host: %s
2023-05-07T03:35:50.015Z: Hard disk serial number: 0000_0000_0000_0000_6479_A71C_8257_3733.
2023-05-07T04:11:48.095Z: Mac address for this host: %s
2023-05-07T04:11:48.560Z: Hard disk serial number: 0000_0000_0000_0000_6479_A71C_8257_3733.
2023-05-07T04:12:36.811Z: Mac address for this host: %s
2023-05-07T04:12:37.233Z: Hard disk serial number: 0000_0000_0000_0000_6479_A71C_8257_3733.
2023-05-07T04:15:36.557Z: Registration failed.
2023-05-07T04:15:36.558Z: Mac address for this host: %s
2023-05-07T04:15:36.898Z: Hard disk serial number: 0000_0000_0000_0000_6479_A71C_8257_3733.
2023-05-07T04:16:12.420Z: Registration failed.
2023-05-07T04:16:12.422Z: Mac address for this host: %s
2023-05-07T04:16:12.906Z: Hard disk serial number: 0000_0000_0000_0000_6479_A71C_8257_3733.
2023-05-07T04:28:05.720Z: Mac address for this host: %s
2023-05-07T04:28:06.138Z: Hard disk serial number: 0000_0000_0000_0000_6479_A71C_8257_3733.
2023-05-07T04:57:33.769Z: Mac address for this host: %s
2023-05-07T04:57:34.003Z: Hard disk serial number: 0000_0000_0000_0000_6479_A71C_8257_3733.
2023-05-07T04:58:53.204Z: Mac address for this host: %s
2023-05-07T04:58:53.396Z: Hard disk serial number: 0000_0000_0000_0000_6479_A71C_8257_3733.
2023-05-07T05:09:57.636Z: Mac address for this host: %s
2023-05-07T05:09:57.819Z: Hard disk serial number: 0000_0000_0000_0000_6479_A71C_8257_3733.
2023-05-07T05:15:23.203Z: Mac address for this host: %s
2023-05-07T05:15:23.423Z: Hard disk serial number: 0000_0000_0000_0000_6479_A71C_8257_3733.
2023-05-07T05:16:20.861Z: Mac address for this host: %s
2023-05-07T05:16:21.090Z: Hard disk serial number: 0000_0000_0000_0000_6479_A71C_8257_3733.
2023-05-07T05:17:59.120Z: Registration failed.
2023-05-07T05:17:59.121Z: Mac address for this host: %s
2023-05-07T05:17:59.291Z: Hard disk serial number: 0000_0000_0000_0000_6479_A71C_8257_3733.
2023-05-07T05:20:41.142Z: Registration failed.
2023-05-07T05:20:41.142Z: Mac address for this host: %s
2023-05-07T05:20:41.421Z: Hard disk serial number: 0000_0000_0000_0000_6479_A71C_8257_3733.
2023-05-07T05:22:18.883Z: Mac address for this host: %s
2023-05-07T05:22:19.104Z: Hard disk serial number: 0000_0000_0000_0000_6479_A71C_8257_3733.
2023-05-07T05:29:53.636Z: Registration failed.
2023-05-07T05:29:53.637Z: Mac address for this host: %s
2023-05-07T05:29:53.873Z: Hard disk serial number: 0000_0000_0000_0000_6479_A71C_8257_3733.
2023-05-07T05:31:18.903Z: Mac address for this host: %s
2023-05-07T05:31:19.082Z: Hard disk serial number: 0000_0000_0000_0000_6479_A71C_8257_3733.
2023-05-07T05:34:11.136Z: Registration failed.
2023-05-07T05:34:11.137Z: Mac address for this host: %s
2023-05-07T05:34:11.349Z: Hard disk serial number: 0000_0000_0000_0000_6479_A71C_8257_3733.
2023-05-07T05:35:07.379Z: Mac address for this host: %s
2023-05-07T05:35:07.559Z: Hard disk serial number: 0000_0000_0000_0000_6479_A71C_8257_3733.
2023-05-07T05:37:19.179Z: Mac address for this host: %s
2023-05-07T05:37:19.345Z: Hard disk serial number: 0000_0000_0000_0000_6479_A71C_8257_3733.
2023-05-07T05:39:47.127Z: Registration failed.
2023-05-07T05:39:47.128Z: Mac address for this host: %s
2023-05-07T05:39:47.342Z: Hard disk serial number: 0000_0000_0000_0000_6479_A71C_8257_3733.
2023-05-07T05:40:28.731Z: Registration failed.
2023-05-07T05:40:28.732Z: Mac address for this host: %s
2023-05-07T05:40:28.926Z: Hard disk serial number: 0000_0000_0000_0000_6479_A71C_8257_3733.
2023-05-07T05:45:49.979Z: Mac address for this host: %s
2023-05-07T05:45:50.163Z: Hard disk serial number: 0000_0000_0000_0000_6479_A71C_8257_3733.
2023-05-07T05:46:25.874Z: Mac address for this host: %s
2023-05-07T05:46:26.025Z: Hard disk serial number: 0000_0000_0000_0000_6479_A71C_8257_3733.
2023-05-07T05:48:37.839Z: Mac address for this host: %s
2023-05-07T05:48:37.993Z: Hard disk serial number: 0000_0000_0000_0000_6479_A71C_8257_3733.
2023-05-07T05:48:56.092Z: Mac address for this host: %s
2023-05-07T05:48:56.256Z: Hard disk serial number: 0000_0000_0000_0000_6479_A71C_8257_3733.
2023-05-07T05:49:50.175Z: Registration failed.
2023-05-07T05:49:50.176Z: Mac address for this host: %s
2023-05-07T05:49:50.349Z: Hard disk serial number: 0000_0000_0000_0000_6479_A71C_8257_3733.
2023-05-07T05:57:52.690Z: Mac address for this host: %s
2023-05-07T05:57:52.857Z: Hard disk serial number: 0000_0000_0000_0000_6479_A71C_8257_3733.
2023-05-07T06:11:24.552Z: Registration failed.
2023-05-07T06:11:24.554Z: Mac address for this host: %s
2023-05-07T06:11:24.939Z: Hard disk serial number: 0000_0000_0000_0000_6479_A71C_8257_3733.
2023-05-07T06:19:23.368Z: Mac address for this host: %s
2023-05-07T06:19:23.684Z: Hard disk serial number: 0000_0000_0000_0000_6479_A71C_8257_3733.
2023-05-07T06:26:54.799Z: Registration failed.
2023-05-07T06:26:54.800Z: Mac address for this host: %s
2023-05-07T06:26:55.240Z: Hard disk serial number: 0000_0000_0000_0000_6479_A71C_8257_3733.
2023-05-07T06:31:02.464Z: Registration failed.
2023-05-07T06:31:02.466Z: Mac address for this host: %s
2023-05-07T06:31:02.903Z: Hard disk serial number: 0000_0000_0000_0000_6479_A71C_8257_3733.
2023-05-07T06:32:33.603Z: Mac address for this host: %s
2023-05-07T06:32:34.010Z: Hard disk serial number: 0000_0000_0000_0000_6479_A71C_8257_3733.
2023-05-07T06:36:53.426Z: Mac address for this host: %s
2023-05-07T06:36:53.777Z: Hard disk serial number: 0000_0000_0000_0000_6479_A71C_8257_3733.
2023-05-07T09:15:49.249Z: Registration failed.
2023-05-07T09:15:49.250Z: Mac address for this host: %s
2023-05-07T09:15:49.494Z: Hard disk serial number: 0000_0000_0000_0000_6479_A71C_8257_3733.
2023-05-07T10:21:19.003Z: Mac address for this host: %s
2023-05-07T10:21:19.258Z: Hard disk serial number: 0000_0000_0000_0000_6479_A71C_8257_3733.
2023-05-07T12:11:32.011Z: Mac address for this host: %s
2023-05-07T12:11:32.237Z: Hard disk serial number: 0000_0000_0000_0000_6479_A71C_8257_3733.
2023-05-07T12:11:48.430Z: Auto launch enabled
2023-05-07T12:11:48.432Z: Auto launch disabled
2023-05-07T12:13:43.951Z: Mac address for this host: %s
2023-05-07T12:13:44.232Z: Hard disk serial number: 0000_0000_0000_0000_6479_A71C_8257_3733.
2023-05-07T12:13:54.078Z: Auto launch enabled
2023-05-07T12:13:54.089Z: Auto launch disabled
2023-05-07T12:14:04.102Z: Auto launch enabled
2023-05-07T12:14:04.110Z: Auto launch disabled
2023-05-07T12:26:45.748Z: Registration failed.
2023-05-07T12:26:45.749Z: Mac address for this host: %s
2023-05-07T12:26:45.990Z: Hard disk serial number: 0000_0000_0000_0000_6479_A71C_8257_3733.
2023-05-07T12:30:10.615Z: Auto launch enabled
2023-05-07T12:30:10.618Z: Auto launch disabled
2023-05-07T12:31:30.463Z: Mac address for this host: %s
2023-05-07T12:31:30.704Z: Hard disk serial number: 0000_0000_0000_0000_6479_A71C_8257_3733.
2023-05-07T12:34:43.908Z: Mac address for this host: %s
2023-05-07T12:34:44.148Z: Hard disk serial number: 0000_0000_0000_0000_6479_A71C_8257_3733.
2023-05-07T12:34:55.211Z: topmostToggle event received with args: 
2023-05-07T12:34:55.212Z: win.alwaysOnTop set to 
2023-05-07T12:35:01.139Z: topmostToggle event received with args: 
2023-05-07T12:35:01.140Z: win.alwaysOnTop set to 
2023-05-07T12:35:07.573Z: Auto launch Triggered
2023-05-07T12:35:07.574Z: Auto launch Triggered
2023-05-07T12:36:19.401Z: Mac address for this host: %s
2023-05-07T12:36:19.615Z: Hard disk serial number: 0000_0000_0000_0000_6479_A71C_8257_3733.
2023-05-07T12:36:33.602Z: Auto launch enabled
2023-05-07T12:36:33.611Z: Auto launch disabled
2023-05-07T12:42:51.761Z: Registration failed.
2023-05-07T12:42:51.763Z: Mac address for this host: %s
2023-05-07T12:42:51.948Z: Hard disk serial number: 0000_0000_0000_0000_6479_A71C_8257_3733.
2023-05-07T12:42:59.451Z: Auto launch enabled
2023-05-07T12:42:59.455Z: Auto launch disabled
2023-05-07T12:49:07.215Z: Mac address for this host: %s
2023-05-07T12:49:07.476Z: Hard disk serial number: 0000_0000_0000_0000_6479_A71C_8257_3733.
2023-05-07T12:49:17.198Z: Auto launch enabled
2023-05-07T12:49:17.205Z: Auto launch disabled
2023-05-07T12:49:34.120Z: Auto launch enabled
2023-05-07T12:49:34.125Z: Auto launch disabled
2023-05-07T12:52:25.072Z: Mac address for this host: %s
2023-05-07T12:52:25.278Z: Hard disk serial number: 0000_0000_0000_0000_6479_A71C_8257_3733.
2023-05-07T12:52:38.103Z: Auto launch enabled
2023-05-07T12:52:38.110Z: Auto launch enabled
2023-05-07T12:53:02.443Z: Auto launch disabled
2023-05-07T12:53:02.452Z: Auto launch disabled
2023-05-07T12:53:24.282Z: Auto launch enabled
2023-05-07T12:53:24.289Z: Auto launch enabled
2023-05-07T14:25:57.451Z: Mac address for this host: %s
2023-05-07T14:25:57.884Z: Hard disk serial number: 0000_0000_0000_0000_6479_A71C_8257_3733.
2023-05-07T14:35:36.287Z: Mac address for this host: %s
2023-05-07T14:35:36.729Z: Hard disk serial number: 0000_0000_0000_0000_6479_A71C_8257_3733.
2023-05-07T14:37:45.536Z: Registration failed.
2023-05-07T14:37:45.538Z: Mac address for this host: %s
2023-05-07T14:37:46.056Z: Hard disk serial number: 0000_0000_0000_0000_6479_A71C_8257_3733.
2023-05-07T14:41:43.191Z: Mac address for this host: %s
2023-05-07T14:41:43.550Z: Hard disk serial number: 0000_0000_0000_0000_6479_A71C_8257_3733.
